<?xml version="1.0" encoding="UTF-8"?>
<!-- Generated by org.testng.reporters.JUnitXMLReporter -->
<testsuite hostname="Abhishek" ignored="1" name="SeleniumFramework" tests="1" failures="1" timestamp="15 Mar 2021 11:18:50 GMT" time="0.04" errors="0">
  <testcase name="@AfterClass tear" time="0.0" classname="com.SeleniumFramework.testcases.BaseClass">
    <failure type="java.lang.NullPointerException">
      <![CDATA[java.lang.NullPointerException
at com.SeleniumFramework.testcases.BaseClass.tear(BaseClass.java:60)
at com.intellij.rt.testng.IDEARemoteTestNG.run(IDEARemoteTestNG.java:66)
at com.intellij.rt.testng.RemoteTestNGStarter.main(RemoteTestNGStarter.java:109)
... Removed 23 stack frames]]>
    </failure>
  </testcase> <!-- @AfterClass tear -->
  <testcase name="login" time="0.015" classname="com.SeleniumFramework.testcases.TC_Login_001">
    <failure type="java.lang.NullPointerException">
      <![CDATA[java.lang.NullPointerException
at com.SeleniumFramework.testcases.TC_Login_001.login(TC_Login_001.java:12)
at com.intellij.rt.testng.IDEARemoteTestNG.run(IDEARemoteTestNG.java:66)
at com.intellij.rt.testng.RemoteTestNGStarter.main(RemoteTestNGStarter.java:109)
... Removed 22 stack frames]]>
    </failure>
  </testcase> <!-- login -->
  <testcase name="listener" time="0.0" classname="com.SeleniumFramework.testcases.TC_Login_001">
    <ignored/>
  </testcase> <!-- listener -->
</testsuite> <!-- SeleniumFramework -->
